e:\cad&cg\science_project\parallelcoordinates1_vs2015\parallelcoordinates\x64\release\moc_renderproperty.obj
e:\cad&cg\science_project\parallelcoordinates1_vs2015\parallelcoordinates\x64\release\moc_mydoublespinbox.obj
e:\cad&cg\science_project\parallelcoordinates1_vs2015\parallelcoordinates\x64\release\moc_biclusters.obj
e:\cad&cg\science_project\parallelcoordinates1_vs2015\parallelcoordinates\x64\release\moc_setviewheader.obj
e:\cad&cg\science_project\parallelcoordinates1_vs2015\parallelcoordinates\x64\release\moc_setview.obj
e:\cad&cg\science_project\parallelcoordinates1_vs2015\parallelcoordinates\x64\release\moc_legend.obj
e:\cad&cg\science_project\parallelcoordinates1_vs2015\parallelcoordinates\x64\release\moc_donutbreakdownchart.obj
e:\cad&cg\science_project\parallelcoordinates1_vs2015\parallelcoordinates\x64\release\moc_disdistribution.obj
e:\cad&cg\science_project\parallelcoordinates1_vs2015\parallelcoordinates\x64\release\donutbreakdownchart.obj
e:\cad&cg\science_project\parallelcoordinates1_vs2015\parallelcoordinates\x64\release\disdistribution.obj
e:\cad&cg\science_project\parallelcoordinates1_vs2015\parallelcoordinates\x64\release\define.obj
e:\cad&cg\science_project\parallelcoordinates1_vs2015\parallelcoordinates\x64\release\colorbar.obj
e:\cad&cg\science_project\parallelcoordinates1_vs2015\parallelcoordinates\x64\release\classifier.obj
e:\cad&cg\science_project\parallelcoordinates1_vs2015\parallelcoordinates\x64\release\calentropy.obj
e:\cad&cg\science_project\parallelcoordinates1_vs2015\parallelcoordinates\x64\release\bicluster.obj
e:\cad&cg\science_project\parallelcoordinates1_vs2015\parallelcoordinates\x64\release\volume.obj
e:\cad&cg\science_project\parallelcoordinates1_vs2015\parallelcoordinates\x64\release\tf1dwidget.obj
e:\cad&cg\science_project\parallelcoordinates1_vs2015\parallelcoordinates\x64\release\tf1dcanvas.obj
e:\cad&cg\science_project\parallelcoordinates1_vs2015\parallelcoordinates\x64\release\tf1d.obj
e:\cad&cg\science_project\parallelcoordinates1_vs2015\parallelcoordinates\x64\release\intensityhistogram.obj
e:\cad&cg\science_project\parallelcoordinates1_vs2015\parallelcoordinates\x64\release\histogrampainter.obj
e:\cad&cg\science_project\parallelcoordinates1_vs2015\parallelcoordinates\x64\release\scatterplot.obj
e:\cad&cg\science_project\parallelcoordinates1_vs2015\parallelcoordinates\x64\release\renderwidget.obj
e:\cad&cg\science_project\parallelcoordinates1_vs2015\parallelcoordinates\x64\release\parallelcoordinate.obj
e:\cad&cg\science_project\parallelcoordinates1_vs2015\parallelcoordinates\x64\release\mainwindow.obj
e:\cad&cg\science_project\parallelcoordinates1_vs2015\parallelcoordinates\x64\release\mainslice.obj
e:\cad&cg\science_project\parallelcoordinates1_vs2015\parallelcoordinates\x64\release\main.obj
e:\cad&cg\science_project\parallelcoordinates1_vs2015\parallelcoordinates\x64\release\legend.obj
e:\cad&cg\science_project\parallelcoordinates1_vs2015\parallelcoordinates\x64\release\hierarchytree.obj
e:\cad&cg\science_project\parallelcoordinates1_vs2015\parallelcoordinates\x64\release\moc_tf1dwidget.obj
e:\cad&cg\science_project\parallelcoordinates1_vs2015\parallelcoordinates\x64\release\moc_tf1dcanvas.obj
e:\cad&cg\science_project\parallelcoordinates1_vs2015\parallelcoordinates\x64\release\moc_scatterplot.obj
e:\cad&cg\science_project\parallelcoordinates1_vs2015\parallelcoordinates\x64\release\moc_renderwidget.obj
e:\cad&cg\science_project\parallelcoordinates1_vs2015\parallelcoordinates\x64\release\moc_parallelcoordinate.obj
e:\cad&cg\science_project\parallelcoordinates1_vs2015\parallelcoordinates\x64\release\moc_mainwindow.obj
e:\cad&cg\science_project\parallelcoordinates1_vs2015\parallelcoordinates\x64\release\moc_histogrampainter.obj
e:\cad&cg\science_project\parallelcoordinates1_vs2015\parallelcoordinates\x64\release\moc_hierarchytree.obj
e:\cad&cg\science_project\parallelcoordinates1_vs2015\parallelcoordinates\x64\release\moc_controlpanel.obj
e:\cad&cg\science_project\parallelcoordinates1_vs2015\parallelcoordinates\x64\release\moc_colorbar.obj
e:\cad&cg\science_project\parallelcoordinates1_vs2015\parallelcoordinates\x64\release\moc_calentropy.obj
e:\cad&cg\science_project\parallelcoordinates1_vs2015\parallelcoordinates\x64\release\texture.obj
e:\cad&cg\science_project\parallelcoordinates1_vs2015\parallelcoordinates\x64\release\shaderprogram.obj
e:\cad&cg\science_project\parallelcoordinates1_vs2015\parallelcoordinates\x64\release\shader.obj
e:\cad&cg\science_project\parallelcoordinates1_vs2015\parallelcoordinates\x64\release\quaternion.obj
e:\cad&cg\science_project\parallelcoordinates1_vs2015\parallelcoordinates\x64\release\observer.obj
e:\cad&cg\science_project\parallelcoordinates1_vs2015\parallelcoordinates\x64\release\log.obj
e:\cad&cg\science_project\parallelcoordinates1_vs2015\parallelcoordinates\x64\release\functions.obj
e:\cad&cg\science_project\parallelcoordinates1_vs2015\parallelcoordinates\x64\release\func.matrix.obj
e:\cad&cg\science_project\parallelcoordinates1_vs2015\parallelcoordinates\x64\release\func.color.obj
e:\cad&cg\science_project\parallelcoordinates1_vs2015\parallelcoordinates\x64\release\framebufferobject.obj
e:\cad&cg\science_project\parallelcoordinates1_vs2015\parallelcoordinates\x64\release\camera.obj
e:\cad&cg\science_project\parallelcoordinates1_vs2015\parallelcoordinates\x64\release\arcball.obj
e:\cad&cg\science_project\parallelcoordinates1_vs2015\parallelcoordinates\x64\release\simplematrix.obj
e:\cad&cg\science_project\parallelcoordinates1_vs2015\parallelcoordinates\x64\release\setviewheader.obj
e:\cad&cg\science_project\parallelcoordinates1_vs2015\parallelcoordinates\x64\release\setview.obj
e:\cad&cg\science_project\parallelcoordinates1_vs2015\parallelcoordinates\x64\release\qrc_mainwindow.obj
e:\cad&cg\science_project\parallelcoordinates1_vs2015\parallelcoordinates\generatedfiles\ui_mainwindow.h
e:\cad&cg\science_project\parallelcoordinates1_vs2015\parallelcoordinates\generatedfiles\qrc_mainwindow.cpp
e:\cad&cg\science_project\parallelcoordinates1_vs2015\parallelcoordinates\generatedfiles\ui_entropyhistogram.h
e:\cad&cg\science_project\parallelcoordinates1_vs2015\parallelcoordinates\generatedfiles\ui_controlpanel.h
e:\cad&cg\science_project\parallelcoordinates1_vs2015\parallelcoordinates\generatedfiles\ui_tf1dwidget.h
e:\cad&cg\science_project\parallelcoordinates1_vs2015\parallelcoordinates\generatedfiles\ui_renderproperties.h
e:\cad&cg\science_project\parallelcoordinates1_vs2015\parallelcoordinates\generatedfiles\release\moc_mainwindow.cpp
e:\cad&cg\science_project\parallelcoordinates1_vs2015\parallelcoordinates\generatedfiles\release\moc_calentropy.cpp
e:\cad&cg\science_project\parallelcoordinates1_vs2015\parallelcoordinates\generatedfiles\release\moc_biclusters.cpp
e:\cad&cg\science_project\parallelcoordinates1_vs2015\parallelcoordinates\generatedfiles\release\moc_controlpanel.cpp
e:\cad&cg\science_project\parallelcoordinates1_vs2015\parallelcoordinates\generatedfiles\release\moc_colorbar.cpp
e:\cad&cg\science_project\parallelcoordinates1_vs2015\parallelcoordinates\generatedfiles\release\moc_parallelcoordinate.cpp
e:\cad&cg\science_project\parallelcoordinates1_vs2015\parallelcoordinates\generatedfiles\release\moc_hierarchytree.cpp
e:\cad&cg\science_project\parallelcoordinates1_vs2015\parallelcoordinates\generatedfiles\release\moc_scatterplot.cpp
e:\cad&cg\science_project\parallelcoordinates1_vs2015\parallelcoordinates\generatedfiles\release\moc_mainslice.cpp
e:\cad&cg\science_project\parallelcoordinates1_vs2015\parallelcoordinates\generatedfiles\release\moc_renderproperty.cpp
e:\cad&cg\science_project\parallelcoordinates1_vs2015\parallelcoordinates\generatedfiles\release\moc_tf1dwidget.cpp
e:\cad&cg\science_project\parallelcoordinates1_vs2015\parallelcoordinates\generatedfiles\release\moc_tf1dcanvas.cpp
e:\cad&cg\science_project\parallelcoordinates1_vs2015\parallelcoordinates\generatedfiles\release\moc_histogrampainter.cpp
e:\cad&cg\science_project\parallelcoordinates1_vs2015\parallelcoordinates\generatedfiles\release\moc_renderwidget.cpp
e:\cad&cg\science_project\parallelcoordinates1_vs2015\parallelcoordinates\x64\release\parallel.b12702ad.tlog\cl.command.1.tlog
e:\cad&cg\science_project\parallelcoordinates1_vs2015\parallelcoordinates\x64\release\parallel.b12702ad.tlog\cl.read.1.tlog
e:\cad&cg\science_project\parallelcoordinates1_vs2015\parallelcoordinates\x64\release\parallel.b12702ad.tlog\cl.write.1.tlog
e:\cad&cg\science_project\parallelcoordinates1_vs2015\parallelcoordinates\x64\release\parallel.b12702ad.tlog\custombuild.command.1.tlog
e:\cad&cg\science_project\parallelcoordinates1_vs2015\parallelcoordinates\x64\release\parallel.b12702ad.tlog\custombuild.read.1.tlog
e:\cad&cg\science_project\parallelcoordinates1_vs2015\parallelcoordinates\x64\release\parallel.b12702ad.tlog\custombuild.write.1.tlog
e:\cad&cg\science_project\parallelcoordinates1_vs2015\parallelcoordinates\x64\release\parallel.b12702ad.tlog\link-cvtres.read.1.tlog
e:\cad&cg\science_project\parallelcoordinates1_vs2015\parallelcoordinates\x64\release\parallel.b12702ad.tlog\link-cvtres.write.1.tlog
e:\cad&cg\science_project\parallelcoordinates1_vs2015\parallelcoordinates\x64\release\parallel.b12702ad.tlog\link-rc.read.1.tlog
e:\cad&cg\science_project\parallelcoordinates1_vs2015\parallelcoordinates\x64\release\parallel.b12702ad.tlog\link-rc.write.1.tlog
e:\cad&cg\science_project\parallelcoordinates1_vs2015\parallelcoordinates\x64\release\parallel.b12702ad.tlog\link.command.1.tlog
e:\cad&cg\science_project\parallelcoordinates1_vs2015\parallelcoordinates\x64\release\parallel.b12702ad.tlog\link.read.1.tlog
e:\cad&cg\science_project\parallelcoordinates1_vs2015\parallelcoordinates\x64\release\parallel.b12702ad.tlog\link.write.1.tlog
