e:\cad&cg\science_project\multifield_graphs_gsim\parallelcoordinates\x64\debug\vc140.pdb
e:\cad&cg\science_project\multifield_graphs_gsim\parallelcoordinates\x64\debug\moc_hierarchytree.obj
e:\cad&cg\science_project\multifield_graphs_gsim\parallelcoordinates\x64\debug\moc_donutbreakdownchart.obj
e:\cad&cg\science_project\multifield_graphs_gsim\parallelcoordinates\x64\debug\moc_disdistribution.obj
e:\cad&cg\science_project\multifield_graphs_gsim\parallelcoordinates\x64\debug\moc_controlpanel.obj
e:\cad&cg\science_project\multifield_graphs_gsim\parallelcoordinates\x64\debug\moc_colorbar.obj
e:\cad&cg\science_project\multifield_graphs_gsim\parallelcoordinates\x64\debug\moc_calentropy.obj
e:\cad&cg\science_project\multifield_graphs_gsim\parallelcoordinates\x64\debug\moc_biclusters.obj
e:\cad&cg\science_project\multifield_graphs_gsim\parallelcoordinates\x64\debug\donutbreakdownchart.obj
e:\cad&cg\science_project\multifield_graphs_gsim\parallelcoordinates\x64\debug\disdistribution.obj
e:\cad&cg\science_project\multifield_graphs_gsim\parallelcoordinates\x64\debug\define.obj
e:\cad&cg\science_project\multifield_graphs_gsim\parallelcoordinates\x64\debug\colorbar.obj
e:\cad&cg\science_project\multifield_graphs_gsim\parallelcoordinates\x64\debug\classifier.obj
e:\cad&cg\science_project\multifield_graphs_gsim\parallelcoordinates\x64\debug\calentropy.obj
e:\cad&cg\science_project\multifield_graphs_gsim\parallelcoordinates\x64\debug\bicluster.obj
e:\cad&cg\science_project\multifield_graphs_gsim\parallelcoordinates\x64\debug\volume.obj
e:\cad&cg\science_project\multifield_graphs_gsim\parallelcoordinates\x64\debug\tf1dwidget.obj
e:\cad&cg\science_project\multifield_graphs_gsim\parallelcoordinates\x64\debug\tf1dcanvas.obj
e:\cad&cg\science_project\multifield_graphs_gsim\parallelcoordinates\x64\debug\tf1d.obj
e:\cad&cg\science_project\multifield_graphs_gsim\parallelcoordinates\x64\debug\intensityhistogram.obj
e:\cad&cg\science_project\multifield_graphs_gsim\parallelcoordinates\x64\debug\histogrampainter.obj
e:\cad&cg\science_project\multifield_graphs_gsim\parallelcoordinates\x64\debug\setviewheader.obj
e:\cad&cg\science_project\multifield_graphs_gsim\parallelcoordinates\x64\debug\setview.obj
e:\cad&cg\science_project\multifield_graphs_gsim\parallelcoordinates\x64\debug\scatterplot.obj
e:\cad&cg\science_project\multifield_graphs_gsim\parallelcoordinates\x64\debug\renderwidget.obj
e:\cad&cg\science_project\multifield_graphs_gsim\parallelcoordinates\x64\debug\parallelcoordinate.obj
e:\cad&cg\science_project\multifield_graphs_gsim\parallelcoordinates\x64\debug\mainwindow.obj
e:\cad&cg\science_project\multifield_graphs_gsim\parallelcoordinates\x64\debug\mainslice.obj
e:\cad&cg\science_project\multifield_graphs_gsim\parallelcoordinates\x64\debug\main.obj
e:\cad&cg\science_project\multifield_graphs_gsim\parallelcoordinates\x64\debug\legend.obj
e:\cad&cg\science_project\multifield_graphs_gsim\parallelcoordinates\x64\debug\hierarchytree.obj
e:\cad&cg\science_project\multifield_graphs_gsim\parallelcoordinates\x64\debug\moc_tf1dwidget.obj
e:\cad&cg\science_project\multifield_graphs_gsim\parallelcoordinates\x64\debug\moc_tf1dcanvas.obj
e:\cad&cg\science_project\multifield_graphs_gsim\parallelcoordinates\x64\debug\moc_setviewheader.obj
e:\cad&cg\science_project\multifield_graphs_gsim\parallelcoordinates\x64\debug\moc_setview.obj
e:\cad&cg\science_project\multifield_graphs_gsim\parallelcoordinates\x64\debug\moc_renderwidget.obj
e:\cad&cg\science_project\multifield_graphs_gsim\parallelcoordinates\x64\debug\moc_renderproperty.obj
e:\cad&cg\science_project\multifield_graphs_gsim\parallelcoordinates\x64\debug\moc_parallelcoordinate.obj
e:\cad&cg\science_project\multifield_graphs_gsim\parallelcoordinates\x64\debug\moc_mydoublespinbox.obj
e:\cad&cg\science_project\multifield_graphs_gsim\parallelcoordinates\x64\debug\moc_legend.obj
e:\cad&cg\science_project\multifield_graphs_gsim\parallelcoordinates\x64\debug\moc_histogrampainter.obj
e:\cad&cg\science_project\multifield_graphs_gsim\parallelcoordinates\x64\debug\texture.obj
e:\cad&cg\science_project\multifield_graphs_gsim\parallelcoordinates\x64\debug\shaderprogram.obj
e:\cad&cg\science_project\multifield_graphs_gsim\parallelcoordinates\x64\debug\shader.obj
e:\cad&cg\science_project\multifield_graphs_gsim\parallelcoordinates\x64\debug\quaternion.obj
e:\cad&cg\science_project\multifield_graphs_gsim\parallelcoordinates\x64\debug\observer.obj
e:\cad&cg\science_project\multifield_graphs_gsim\parallelcoordinates\x64\debug\log.obj
e:\cad&cg\science_project\multifield_graphs_gsim\parallelcoordinates\x64\debug\functions.obj
e:\cad&cg\science_project\multifield_graphs_gsim\parallelcoordinates\x64\debug\func.matrix.obj
e:\cad&cg\science_project\multifield_graphs_gsim\parallelcoordinates\x64\debug\func.color.obj
e:\cad&cg\science_project\multifield_graphs_gsim\parallelcoordinates\x64\debug\framebufferobject.obj
e:\cad&cg\science_project\multifield_graphs_gsim\parallelcoordinates\x64\debug\camera.obj
e:\cad&cg\science_project\multifield_graphs_gsim\parallelcoordinates\x64\debug\arcball.obj
e:\cad&cg\science_project\multifield_graphs_gsim\parallelcoordinates\x64\debug\simplematrix.obj
e:\cad&cg\science_project\multifield_graphs_gsim\parallelcoordinates\x64\debug\qrc_mainwindow.obj
e:\cad&cg\science_project\multifield_graphs_gsim\parallelcoordinates\x64\debug\moc_scatterplot.obj
e:\cad&cg\science_project\multifield_graphs_gsim\parallelcoordinates\x64\debug\moc_mainwindow.obj
e:\cad&cg\science_project\multifield_graphs_gsim\parallelcoordinates\generatedfiles\ui_mainwindow.h
e:\cad&cg\science_project\multifield_graphs_gsim\parallelcoordinates\generatedfiles\debug\moc_calentropy.cpp
e:\cad&cg\science_project\multifield_graphs_gsim\parallelcoordinates\generatedfiles\debug\moc_colorbar.cpp
e:\cad&cg\science_project\multifield_graphs_gsim\parallelcoordinates\generatedfiles\debug\moc_donutbreakdownchart.cpp
e:\cad&cg\science_project\multifield_graphs_gsim\parallelcoordinates\generatedfiles\debug\moc_disdistribution.cpp
e:\cad&cg\science_project\multifield_graphs_gsim\parallelcoordinates\generatedfiles\debug\moc_parallelcoordinate.cpp
e:\cad&cg\science_project\multifield_graphs_gsim\parallelcoordinates\generatedfiles\debug\moc_hierarchytree.cpp
e:\cad&cg\science_project\multifield_graphs_gsim\parallelcoordinates\generatedfiles\debug\moc_mainslice.cpp
e:\cad&cg\science_project\multifield_graphs_gsim\parallelcoordinates\generatedfiles\debug\moc_legend.cpp
e:\cad&cg\science_project\multifield_graphs_gsim\parallelcoordinates\generatedfiles\debug\moc_renderproperty.cpp
e:\cad&cg\science_project\multifield_graphs_gsim\parallelcoordinates\generatedfiles\debug\moc_mydoublespinbox.cpp
e:\cad&cg\science_project\multifield_graphs_gsim\parallelcoordinates\generatedfiles\debug\moc_tf1dwidget.cpp
e:\cad&cg\science_project\multifield_graphs_gsim\parallelcoordinates\generatedfiles\debug\moc_tf1dcanvas.cpp
e:\cad&cg\science_project\multifield_graphs_gsim\parallelcoordinates\generatedfiles\debug\moc_histogrampainter.cpp
e:\cad&cg\science_project\multifield_graphs_gsim\parallelcoordinates\generatedfiles\debug\moc_renderwidget.cpp
e:\cad&cg\science_project\multifield_graphs_gsim\parallelcoordinates\generatedfiles\qrc_mainwindow.cpp
e:\cad&cg\science_project\multifield_graphs_gsim\parallelcoordinates\generatedfiles\ui_entropyhistogram.h
e:\cad&cg\science_project\multifield_graphs_gsim\parallelcoordinates\generatedfiles\ui_tf1dwidget.h
e:\cad&cg\science_project\multifield_graphs_gsim\parallelcoordinates\generatedfiles\ui_renderproperties.h
e:\cad&cg\science_project\multifield_graphs_gsim\parallelcoordinates\generatedfiles\debug\moc_setviewheader.cpp
e:\cad&cg\science_project\multifield_graphs_gsim\parallelcoordinates\generatedfiles\ui_controlpanel.h
e:\cad&cg\science_project\multifield_graphs_gsim\parallelcoordinates\generatedfiles\debug\moc_controlpanel.cpp
e:\cad&cg\science_project\multifield_graphs_gsim\parallelcoordinates\generatedfiles\debug\moc_setview.cpp
e:\cad&cg\science_project\multifield_graphs_gsim\parallelcoordinates\generatedfiles\debug\moc_biclusters.cpp
e:\cad&cg\science_project\multifield_graphs_gsim\parallelcoordinates\generatedfiles\debug\moc_mainwindow.cpp
e:\cad&cg\science_project\multifield_graphs_gsim\parallelcoordinates\generatedfiles\debug\moc_scatterplot.cpp
e:\cad&cg\science_project\multifield_graphs_gsim\x64\debug\parallelcoordinates.exe
e:\cad&cg\science_project\multifield_graphs_gsim\x64\debug\parallelcoordinates.pdb
e:\cad&cg\science_project\multifield_graphs_gsim\parallelcoordinates\x64\debug\parallel.b12702ad.tlog\cl.command.1.tlog
e:\cad&cg\science_project\multifield_graphs_gsim\parallelcoordinates\x64\debug\parallel.b12702ad.tlog\cl.read.1.tlog
e:\cad&cg\science_project\multifield_graphs_gsim\parallelcoordinates\x64\debug\parallel.b12702ad.tlog\cl.write.1.tlog
e:\cad&cg\science_project\multifield_graphs_gsim\parallelcoordinates\x64\debug\parallel.b12702ad.tlog\custombuild.command.1.tlog
e:\cad&cg\science_project\multifield_graphs_gsim\parallelcoordinates\x64\debug\parallel.b12702ad.tlog\custombuild.read.1.tlog
e:\cad&cg\science_project\multifield_graphs_gsim\parallelcoordinates\x64\debug\parallel.b12702ad.tlog\custombuild.write.1.tlog
e:\cad&cg\science_project\multifield_graphs_gsim\parallelcoordinates\x64\debug\parallel.b12702ad.tlog\link-cvtres.read.1.tlog
e:\cad&cg\science_project\multifield_graphs_gsim\parallelcoordinates\x64\debug\parallel.b12702ad.tlog\link-cvtres.write.1.tlog
e:\cad&cg\science_project\multifield_graphs_gsim\parallelcoordinates\x64\debug\parallel.b12702ad.tlog\link-rc.read.1.tlog
e:\cad&cg\science_project\multifield_graphs_gsim\parallelcoordinates\x64\debug\parallel.b12702ad.tlog\link-rc.write.1.tlog
e:\cad&cg\science_project\multifield_graphs_gsim\parallelcoordinates\x64\debug\parallel.b12702ad.tlog\link.command.1.tlog
e:\cad&cg\science_project\multifield_graphs_gsim\parallelcoordinates\x64\debug\parallel.b12702ad.tlog\link.read.1.tlog
e:\cad&cg\science_project\multifield_graphs_gsim\parallelcoordinates\x64\debug\parallel.b12702ad.tlog\link.write.1.tlog
